#
# There is insufficient memory for the Java Runtime Environment to continue.
# Native memory allocation (mmap) failed to map 268435456 bytes for G1 virtual space
# Possible reasons:
#   The system is out of physical RAM or swap space
#   The process is running with CompressedOops enabled, and the Java Heap may be blocking the growth of the native heap
# Possible solutions:
#   Reduce memory load on the system
#   Increase physical memory or swap space
#   Check if swap backing store is full
#   Decrease Java heap size (-Xmx/-Xms)
#   Decrease number of Java threads
#   Decrease Java thread stack sizes (-Xss)
#   Set larger code cache with -XX:ReservedCodeCacheSize=
#   JVM is running with Zero Based Compressed Oops mode in which the Java heap is
#     placed in the first 32GB address space. The Java Heap base address is the
#     maximum limit for the native heap growth. Please use -XX:HeapBaseMinAddress
#     to set the Java Heap base and to place the Java Heap above 32GB virtual address.
# This output file may be truncated or incomplete.
#
#  Out of Memory Error (os_windows.cpp:3825), pid=8524, tid=7928
#
# JRE version:  (17.0.10) (build )
# Java VM: OpenJDK 64-Bit Server VM (17.0.10+0--11609105, mixed mode, sharing, tiered, compressed oops, compressed class ptrs, g1 gc, windows-amd64)
# No core dump will be written. Minidumps are not enabled by default on client versions of Windows
#

---------------  S U M M A R Y ------------

Command Line: git4idea.http.GitAskPassApp Username for 'https://github.com': 

Host: AMD Ryzen 5 3500 6-Core Processor              , 6 cores, 15G,  Windows 10 , 64 bit Build 19041 (10.0.19041.4597)
Time: Sun Aug 11 00:21:15 2024 SE Asia Standard Time elapsed time: 0.017808 seconds (0d 0h 0m 0s)

---------------  T H R E A D  ---------------

Current thread (0x000001267b4dc710):  JavaThread "Unknown thread" [_thread_in_vm, id=7928, stack(0x00000011b0300000,0x00000011b0400000)]

Stack: [0x00000011b0300000,0x00000011b0400000]
Native frames: (J=compiled Java code, j=interpreted, Vv=VM code, C=native code)
V  [jvm.dll+0x688de9]
V  [jvm.dll+0x8423da]
V  [jvm.dll+0x84401e]
V  [jvm.dll+0x844683]
V  [jvm.dll+0x24be0f]
V  [jvm.dll+0x685bb9]
V  [jvm.dll+0x67a46a]
V  [jvm.dll+0x30cbab]
V  [jvm.dll+0x314056]
V  [jvm.dll+0x363dce]
V  [jvm.dll+0x363fff]
V  [jvm.dll+0x2e2978]
V  [jvm.dll+0x2e38e4]
V  [jvm.dll+0x812f71]
V  [jvm.dll+0x371c81]
V  [jvm.dll+0x7f1ac6]
V  [jvm.dll+0x3f58df]
V  [jvm.dll+0x3f7511]
C  [jli.dll+0x528f]
C  [ucrtbase.dll+0x21bb2]
C  [KERNEL32.DLL+0x17374]
C  [ntdll.dll+0x4cc91]


---------------  P R O C E S S  ---------------

Threads class SMR info:
_java_thread_list=0x00007ff84e5bef58, length=0, elements={
}

Java Threads: ( => current thread )

Other Threads:
  0x000001267b548190 GCTaskThread "GC Thread#0" [stack: 0x00000011b0400000,0x00000011b0500000] [id=13160]
  0x000001267b559020 ConcurrentGCThread "G1 Main Marker" [stack: 0x00000011b0500000,0x00000011b0600000] [id=11240]
  0x000001267b55a1e0 ConcurrentGCThread "G1 Conc#0" [stack: 0x00000011b0600000,0x00000011b0700000] [id=3848]

[error occurred during error reporting (printing all threads), id 0xc0000005, EXCEPTION_ACCESS_VIOLATION (0xc0000005) at pc=0x00007ff84dd73547]

VM state: not at safepoint (not fully initialized)

VM Mutex/Monitor currently owned by a thread:  ([mutex/lock_event])
[0x000001267b4d7310] Heap_lock - owner thread: 0x000001267b4dc710

Heap address: 0x0000000700c00000, size: 4084 MB, Compressed Oops mode: Zero based, Oop shift amount: 3

CDS archive(s) mapped at: [0x0000000000000000-0x0000000000000000-0x0000000000000000), size 0, SharedBaseAddress: 0x0000000800000000, ArchiveRelocationMode: 1.
Narrow klass base: 0x0000000000000000, Narrow klass shift: 0, Narrow klass range: 0x0

GC Precious Log:
<Empty>

Heap:
 garbage-first heap   total 0K, used 0K [0x0000000700c00000, 0x0000000800000000)
  region size 2048K, 0 young (0K), 0 survivors (0K)
 Metaspace       used 0K, committed 0K, reserved 0K
  class space    used 0K, committed 0K, reserved 0K

Heap Regions: E=young(eden), S=young(survivor), O=old, HS=humongous(starts), HC=humongous(continues), CS=collection set, F=free, OA=open archive, CA=closed archive, TAMS=top-at-mark-start (previous, next)

Card table byte_map: [0x000001267f2d0000,0x000001267fad0000] _byte_map_base: 0x000001267baca000

Marking Bits (Prev, Next): (CMBitMap*) 0x000001267b5487b0, (CMBitMap*) 0x000001267b5487f0
 Prev Bits: [0x000001260f800000, 0x00000126137d0000)
 Next Bits: [0x00000126137d0000, 0x00000126177a0000)

GC Heap History (0 events):
No events

Dll operation events (1 events):
Event: 0.005 Loaded shared library C:\Program Files\Android\Android Studio\jbr\bin\java.dll

Deoptimization events (0 events):
No events

Classes unloaded (0 events):
No events

Classes redefined (0 events):
No events

Internal exceptions (0 events):
No events

VM Operations (0 events):
No events

Events (0 events):
No events


Dynamic libraries:
0x00007ff642f00000 - 0x00007ff642f0a000 	C:\Program Files\Android\Android Studio\jbr\bin\java.exe
0x00007ff8a5ef0000 - 0x00007ff8a60e8000 	C:\WINDOWS\SYSTEM32\ntdll.dll
0x00007ff8a5b20000 - 0x00007ff8a5be1000 	C:\WINDOWS\System32\KERNEL32.DLL
0x00007ff8a3b90000 - 0x00007ff8a3e86000 	C:\WINDOWS\System32\KERNELBASE.dll
0x00007ff8a3900000 - 0x00007ff8a3a00000 	C:\WINDOWS\System32\ucrtbase.dll
0x00007ff880140000 - 0x00007ff88015b000 	C:\Program Files\Android\Android Studio\jbr\bin\VCRUNTIME140.dll
0x00007ff87ede0000 - 0x00007ff87edf7000 	C:\Program Files\Android\Android Studio\jbr\bin\jli.dll
0x00007ff8a4840000 - 0x00007ff8a49df000 	C:\WINDOWS\System32\USER32.dll
0x00007ff895240000 - 0x00007ff8954da000 	C:\WINDOWS\WinSxS\amd64_microsoft.windows.common-controls_6595b64144ccf1df_6.0.19041.4355_none_60b8b9eb71f62e16\COMCTL32.dll
0x00007ff8a35a0000 - 0x00007ff8a35c2000 	C:\WINDOWS\System32\win32u.dll
0x00007ff8a5950000 - 0x00007ff8a597b000 	C:\WINDOWS\System32\GDI32.dll
0x00007ff8a53a0000 - 0x00007ff8a543e000 	C:\WINDOWS\System32\msvcrt.dll
0x00007ff8a3a70000 - 0x00007ff8a3b87000 	C:\WINDOWS\System32\gdi32full.dll
0x00007ff8a3860000 - 0x00007ff8a38fd000 	C:\WINDOWS\System32\msvcp_win.dll
0x00007ff8a4e50000 - 0x00007ff8a4e7f000 	C:\WINDOWS\System32\IMM32.DLL
0x00007ff89c600000 - 0x00007ff89c60c000 	C:\Program Files\Android\Android Studio\jbr\bin\vcruntime140_1.dll
0x00007ff871cc0000 - 0x00007ff871d4d000 	C:\Program Files\Android\Android Studio\jbr\bin\msvcp140.dll
0x00007ff84da80000 - 0x00007ff84e703000 	C:\Program Files\Android\Android Studio\jbr\bin\server\jvm.dll
0x00007ff8a57e0000 - 0x00007ff8a5890000 	C:\WINDOWS\System32\ADVAPI32.dll
0x00007ff8a5e10000 - 0x00007ff8a5eb0000 	C:\WINDOWS\System32\sechost.dll
0x00007ff8a5bf0000 - 0x00007ff8a5d13000 	C:\WINDOWS\System32\RPCRT4.dll
0x00007ff8a3830000 - 0x00007ff8a3857000 	C:\WINDOWS\System32\bcrypt.dll
0x00007ff8a2ad0000 - 0x00007ff8a2b1b000 	C:\WINDOWS\SYSTEM32\POWRPROF.dll
0x00007ff889030000 - 0x00007ff889039000 	C:\WINDOWS\SYSTEM32\WSOCK32.dll
0x00007ff8a5440000 - 0x00007ff8a54ab000 	C:\WINDOWS\System32\WS2_32.dll
0x00007ff89d080000 - 0x00007ff89d08a000 	C:\WINDOWS\SYSTEM32\VERSION.dll
0x00007ff8996a0000 - 0x00007ff8996c7000 	C:\WINDOWS\SYSTEM32\WINMM.dll
0x00007ff8a2990000 - 0x00007ff8a29a2000 	C:\WINDOWS\SYSTEM32\UMPDC.dll
0x00007ff8a1360000 - 0x00007ff8a1372000 	C:\WINDOWS\SYSTEM32\kernel.appcore.dll
0x00007ff889020000 - 0x00007ff88902a000 	C:\Program Files\Android\Android Studio\jbr\bin\jimage.dll
0x00007ff8981f0000 - 0x00007ff8983d4000 	C:\WINDOWS\SYSTEM32\DBGHELP.DLL
0x00007ff88e7f0000 - 0x00007ff88e824000 	C:\WINDOWS\SYSTEM32\dbgcore.DLL
0x00007ff8a3e90000 - 0x00007ff8a3f12000 	C:\WINDOWS\System32\bcryptPrimitives.dll
0x00007ff885730000 - 0x00007ff885755000 	C:\Program Files\Android\Android Studio\jbr\bin\java.dll

dbghelp: loaded successfully - version: 4.0.5 - missing functions: none
symbol engine: initialized successfully - sym options: 0x614 - pdb path: .;C:\Program Files\Android\Android Studio\jbr\bin;C:\WINDOWS\SYSTEM32;C:\WINDOWS\WinSxS\amd64_microsoft.windows.common-controls_6595b64144ccf1df_6.0.19041.4355_none_60b8b9eb71f62e16;C:\Program Files\Android\Android Studio\jbr\bin\server

VM Arguments:
java_command: git4idea.http.GitAskPassApp Username for 'https://github.com': 
java_class_path (initial): C:/Program Files/Android/Android Studio/plugins/vcs-git/lib/git4idea-rt.jar;C:/Program Files/Android/Android Studio/lib/externalProcess-rt.jar
Launcher Type: SUN_STANDARD

[Global flags]
     intx CICompilerCount                          = 3                                         {product} {ergonomic}
     uint ConcGCThreads                            = 2                                         {product} {ergonomic}
     uint G1ConcRefinementThreads                  = 6                                         {product} {ergonomic}
   size_t G1HeapRegionSize                         = 2097152                                   {product} {ergonomic}
    uintx GCDrainStackTargetSize                   = 64                                        {product} {ergonomic}
   size_t InitialHeapSize                          = 268435456                                 {product} {ergonomic}
   size_t MarkStackSize                            = 4194304                                   {product} {ergonomic}
   size_t MaxHeapSize                              = 4282384384                                {product} {ergonomic}
   size_t MinHeapDeltaBytes                        = 2097152                                   {product} {ergonomic}
   size_t MinHeapSize                              = 8388608                                   {product} {ergonomic}
    uintx NonNMethodCodeHeapSize                   = 5832780                                {pd product} {ergonomic}
    uintx NonProfiledCodeHeapSize                  = 122912730                              {pd product} {ergonomic}
    uintx ProfiledCodeHeapSize                     = 122912730                              {pd product} {ergonomic}
    uintx ReservedCodeCacheSize                    = 251658240                              {pd product} {ergonomic}
     bool SegmentedCodeCache                       = true                                      {product} {ergonomic}
   size_t SoftMaxHeapSize                          = 4282384384                             {manageable} {ergonomic}
     bool UseCompressedClassPointers               = true                           {product lp64_product} {ergonomic}
     bool UseCompressedOops                        = true                           {product lp64_product} {ergonomic}
     bool UseG1GC                                  = true                                      {product} {ergonomic}
     bool UseLargePagesIndividualAllocation        = false                                  {pd product} {ergonomic}

Logging:
Log output configuration:
 #0: stdout all=warning uptime,level,tags
 #1: stderr all=off uptime,level,tags

Environment Variables:
PATH=C:\Program Files\Git\mingw64\libexec\git-core;C:\Program Files\Git\mingw64\libexec\git-core;C:\Program Files\Git\mingw64\bin;C:\Program Files\Git\usr\bin;C:\Users\prako\bin;C:\WINDOWS\system32;C:\WINDOWS;C:\WINDOWS\System32\Wbem;C:\WINDOWS\System32\WindowsPowerShell\v1.0;C:\WINDOWS\System32\OpenSSH;C:\Program Files\nodejs;C:\Program Files\Git\cmd;C:\Program Files\NVIDIA Corporation\NVIDIA NvDLISR;C:\Program Files (x86)\NVIDIA Corporation\PhysX\Common;C:\Users\prako\AppData\Local\Microsoft\WindowsApps;C:\Users\prako\AppData\Local\Programs\Microsoft VS Code\bin;C:\Users\prako\AppData\Roaming\npm
USERNAME=prako
DISPLAY=:0.0
LC_ALL=en_US.UTF-8
TERM=xterm-256color
TMPDIR=C:\Users\prako\AppData\Local\Temp
OS=Windows_NT
PROCESSOR_IDENTIFIER=AMD64 Family 23 Model 113 Stepping 0, AuthenticAMD
TMP=C:\Users\prako\AppData\Local\Temp
TEMP=C:\Users\prako\AppData\Local\Temp



Periodic native trim disabled

JNI global refs:
JNI global refs: 0, weak refs: 0

JNI global refs memory usage: 0, weak refs: 0

OOME stack traces (most recent first):
Classloader memory used:


---------------  S Y S T E M  ---------------

OS:
 Windows 10 , 64 bit Build 19041 (10.0.19041.4597)
OS uptime: 0 days 6:05 hours

CPU: total 6 (initial active 6) (6 cores per cpu, 1 threads per core) family 23 model 113 stepping 0 microcode 0x0, cx8, cmov, fxsr, mmx, 3dnowpref, sse, sse2, sse3, ssse3, sse4a, sse4.1, sse4.2, popcnt, lzcnt, tsc, tscinvbit, avx, avx2, aes, clmul, bmi1, bmi2, adx, sha, fma, vzeroupper, clflush, clflushopt
Processor Information for all 6 processors :
  Max Mhz: 3593, Current Mhz: 3593, Mhz Limit: 3593

Memory: 4k page, system-wide physical 16332M (993M free)
TotalPageFile size 20428M (AvailPageFile size 123M)
current process WorkingSet (physical memory assigned to process): 10M, peak: 10M
current process commit charge ("private bytes"): 56M, peak: 312M

vm_info: OpenJDK 64-Bit Server VM (17.0.10+0--11609105) for windows-amd64 JRE (17.0.10+0--11609105), built on Mar 21 2024 19:10:56 by "androidbuild" with MS VC++ 16.10 / 16.11 (VS2019)

END.
